\BOOKMARK [0][-]{section*.1}{\376\377\000D\000E\000C\000L\000A\000R\000A\000T\000I\000O\000N}{}% 1
\BOOKMARK [0][-]{chapter*.4}{\376\377\000D\000E\000D\000I\000C\000A\000T\000I\000O\000N}{}% 2
\BOOKMARK [0][-]{section*.5}{\376\377\000P\000R\000O\000J\000E\000C\000T\000\040\000O\000U\000T\000C\000O\000M\000E\000S}{}% 3
\BOOKMARK [0][-]{chapter*.9}{\376\377\000A\000B\000S\000T\000R\000A\000C\000T}{}% 4
\BOOKMARK [0][-]{chapter*.9}{\376\377\000A\000C\000K\000N\000O\000W\000L\000E\000D\000G\000E\000M\000E\000N\000T}{}% 5
\BOOKMARK [0][-]{section*.11}{\376\377\000\040\000C\000O\000N\000T\000R\000I\000B\000U\000T\000I\000O\000N\000S}{}% 6
\BOOKMARK [0][-]{section*.12}{\376\377\000M\000E\000M\000B\000E\000R\000S\000\040\000C\000O\000N\000T\000R\000I\000B\000U\000T\000I\000O\000N\000S}{}% 7
\BOOKMARK [0][-]{chapter*.13}{\376\377\000A\000B\000B\000R\000E\000V\000I\000A\000T\000I\000O\000N\000S}{}% 8
\BOOKMARK [0][-]{chapter*.13}{\376\377\000A\000B\000B\000R\000E\000V\000I\000A\000T\000I\000O\000N\000S\000\040\000A\000N\000D\000\040\000S\000Y\000M\000B\000O\000L\000S}{}% 9
\BOOKMARK [0][-]{chapter*.14}{\376\377\000L\000I\000S\000T\000\040\000O\000F\000\040\000T\000A\000B\000L\000E\000S}{}% 10
\BOOKMARK [0][-]{chapter*.15}{\376\377\000L\000I\000S\000T\000\040\000O\000F\000\040\000F\000I\000G\000U\000R\000E\000S}{}% 11
\BOOKMARK [0][-]{chapter.1}{\376\377\000I\000N\000T\000R\000O\000D\000U\000C\000T\000I\000O\000N}{}% 12
\BOOKMARK [1][-]{section.1.1}{\376\377\000I\000n\000t\000r\000o\000d\000u\000c\000t\000i\000o\000n}{chapter.1}% 13
\BOOKMARK [1][-]{section.1.2}{\376\377\000M\000e\000t\000h\000o\000d\000s\000\040\000o\000f\000\040\000D\000e\000p\000r\000e\000s\000s\000i\000o\000n\000\040\000D\000e\000t\000e\000c\000t\000i\000o\000n}{chapter.1}% 14
\BOOKMARK [1][-]{section.1.3}{\376\377\000M\000a\000c\000h\000i\000n\000e\000\040\000L\000e\000a\000r\000n\000i\000n\000g\000\040}{chapter.1}% 15
\BOOKMARK [1][-]{section.1.4}{\376\377\000D\000e\000e\000p\000\040\000L\000e\000a\000r\000n\000i\000n\000g}{chapter.1}% 16
\BOOKMARK [1][-]{section.1.5}{\376\377\000N\000a\000t\000u\000r\000a\000l\000\040\000L\000a\000n\000g\000u\000a\000g\000e\000\040\000P\000r\000o\000c\000e\000s\000s\000i\000n\000g\000\040}{chapter.1}% 17
\BOOKMARK [0][-]{chapter.2}{\376\377\000L\000I\000T\000E\000R\000A\000T\000U\000R\000E\000\040\000R\000E\000V\000I\000E\000W}{}% 18
\BOOKMARK [1][-]{section.2.1}{\376\377\000R\000e\000v\000i\000e\000w\000\040\000o\000f\000\040\000S\000p\000e\000e\000c\000h\000-\000b\000a\000s\000e\000d\000\040\000D\000e\000p\000r\000e\000s\000s\000i\000o\000n\000\040\000D\000e\000t\000e\000c\000t\000i\000o\000n}{chapter.2}% 19
\BOOKMARK [1][-]{section.2.2}{\376\377\000R\000e\000v\000i\000e\000w\000\040\000o\000f\000\040\000A\000u\000d\000i\000o\000\040\000b\000a\000s\000e\000d\000\040\000D\000e\000p\000r\000e\000s\000s\000i\000o\000n\000\040\000D\000e\000t\000e\000c\000t\000i\000o\000n}{chapter.2}% 20
\BOOKMARK [1][-]{section.2.3}{\376\377\000R\000e\000v\000i\000e\000w\000\040\000o\000f\000\040\000E\000C\000G\000\040\000b\000a\000s\000e\000d\000\040\000D\000e\000p\000r\000e\000s\000s\000i\000o\000n\000\040\000D\000e\000t\000e\000c\000t\000i\000o\000n}{chapter.2}% 21
\BOOKMARK [0][-]{chapter.3}{\376\377\000M\000E\000T\000H\000O\000D\000O\000L\000O\000G\000Y}{}% 22
\BOOKMARK [1][-]{section.3.1}{\376\377\000P\000r\000o\000j\000e\000c\000t\000\040\000F\000l\000o\000w}{chapter.3}% 23
\BOOKMARK [1][-]{section.3.2}{\376\377\000D\000a\000t\000a\000s\000e\000t\000\040\000D\000e\000s\000c\000r\000i\000p\000t\000i\000o\000n}{chapter.3}% 24
\BOOKMARK [1][-]{section.3.3}{\376\377\000P\000r\000o\000j\000e\000c\000t\000\040\000P\000r\000o\000c\000e\000d\000u\000r\000e}{chapter.3}% 25
\BOOKMARK [1][-]{section.3.4}{\376\377\000M\000L\000\040\000M\000o\000d\000e\000l}{chapter.3}% 26
\BOOKMARK [1][-]{section.3.5}{\376\377\000M\000L\000\040\000A\000l\000g\000o\000r\000i\000t\000h\000m\000:\000\040\000N\000a\000i\000v\000e\000\040\000B\000a\000y\000e\000s}{chapter.3}% 27
\BOOKMARK [1][-]{section.3.6}{\376\377\000D\000e\000e\000p\000\040\000L\000e\000a\000r\000n\000i\000n\000g\000:\000N\000e\000u\000r\000a\000l\000\040\000N\000e\000t\000w\000o\000r\000k}{chapter.3}% 28
\BOOKMARK [2][-]{subsection.3.6.1}{\376\377\000A\000r\000t\000i\000f\000i\000c\000i\000a\000l\000\040\000N\000e\000u\000r\000a\000l\000\040\000N\000e\000t\000w\000o\000r\000k}{section.3.6}% 29
\BOOKMARK [2][-]{subsection.3.6.2}{\376\377\000A\000r\000t\000i\000f\000i\000c\000i\000a\000l\000\040\000N\000e\000u\000r\000o\000n\000\040\000v\000s\000\040\000B\000i\000o\000l\000o\000g\000i\000c\000a\000l\000\040\000N\000e\000u\000r\000o\000n\000s}{section.3.6}% 30
\BOOKMARK [2][-]{subsection.3.6.3}{\376\377\000L\000e\000a\000r\000n\000i\000n\000g\000\040\000o\000f\000\040\000A\000N\000N}{section.3.6}% 31
\BOOKMARK [1][-]{section.3.7}{\376\377\000A\000l\000g\000o\000r\000i\000t\000h\000m\000:\000C\000o\000n\000v\000o\000l\000u\000t\000i\000o\000n\000\040\000N\000e\000u\000r\000a\000l\000\040\000N\000e\000t\000w\000o\000r\000k}{chapter.3}% 32
\BOOKMARK [1][-]{section.3.8}{\376\377\000D\000a\000t\000a\000\040\000S\000e\000t\000\040\000D\000e\000s\000c\000r\000i\000p\000t\000i\000o\000n\000:\000A\000u\000d\000i\000o\000\040\000S\000e\000n\000t\000i\000m\000e\000n\000t\000\040\000R\000e\000c\000o\000g\000n\000i\000t\000i\000o\000n}{chapter.3}% 33
\BOOKMARK [1][-]{section.3.9}{\376\377\000P\000r\000o\000j\000e\000c\000t\000\040\000F\000l\000o\000w\000\040\000o\000f\000\040\000A\000u\000d\000i\000o\000\040\000b\000a\000s\000e\000d\000\040\000D\000e\000p\000r\000e\000s\000s\000i\000o\000n\000\040\000D\000e\000t\000e\000c\000t\000i\000o\000n}{chapter.3}% 34
\BOOKMARK [1][-]{section.3.10}{\376\377\000R\000e\000a\000l\000\040\000T\000i\000m\000e\000\040\000E\000C\000G\000\040\000M\000o\000n\000i\000t\000o\000r\000i\000n\000g}{chapter.3}% 35
\BOOKMARK [1][-]{section.3.11}{\376\377\000H\000a\000r\000d\000w\000a\000r\000e\000\040\000a\000n\000d\000\040\000M\000e\000t\000h\000o\000d\000s}{chapter.3}% 36
\BOOKMARK [2][-]{subsection.3.11.1}{\376\377\000E\000S\000P\000\040\0008\0002\0006\0006\000\040\000:}{section.3.11}% 37
\BOOKMARK [2][-]{subsection.3.11.2}{\376\377\000A\000D\000\040\0008\0002\0003\0002}{section.3.11}% 38
\BOOKMARK [2][-]{subsection.3.11.3}{\376\377\000E\000C\000G\000\040\000E\000l\000e\000c\000t\000r\000o\000d\000e}{section.3.11}% 39
\BOOKMARK [1][-]{section.3.12}{\376\377\000B\000l\000o\000c\000k\000\040\000D\000i\000a\000g\000r\000a\000m\000\040\000o\000f\000\040\000p\000r\000o\000j\000e\000c\000t}{chapter.3}% 40
\BOOKMARK [1][-]{section.3.13}{\376\377\000E\000x\000p\000e\000r\000i\000m\000e\000n\000t\000a\000l\000\040\000C\000o\000n\000f\000i\000g\000u\000r\000a\000t\000i\000o\000n}{chapter.3}% 41
\BOOKMARK [1][-]{section.3.14}{\376\377\000K\000e\000y\000\040\000C\000h\000a\000l\000l\000e\000n\000g\000e\000s\000\040\000o\000f\000\040\000E\000C\000G\000\040\000M\000o\000n\000i\000t\000o\000r\000i\000n\000g\000\040\000S\000y\000s\000t\000e\000m}{chapter.3}% 42
\BOOKMARK [1][-]{section.3.15}{\376\377\000A\000d\000d\000r\000e\000s\000s\000i\000n\000g\000\040\000t\000h\000e\000\040\000C\000h\000a\000l\000l\000e\000n\000g\000e\000s}{chapter.3}% 43
\BOOKMARK [0][-]{chapter.4}{\376\377\000R\000E\000S\000U\000L\000T\000S\000\040\000A\000N\000D\000\040\000D\000I\000S\000C\000U\000S\000S\000I\000O\000N}{}% 44
\BOOKMARK [1][-]{section.4.1}{\376\377\000E\000C\000G\000\040\000M\000o\000n\000i\000t\000o\000r\000i\000n\000g\000\040\000T\000h\000r\000o\000u\000g\000h\000\040\000U\000b\000i\000d\000o\000t\000s}{chapter.4}% 45
\BOOKMARK [1][-]{section.4.2}{\376\377\000D\000e\000p\000r\000e\000s\000s\000i\000o\000n\000\040\000D\000e\000t\000e\000c\000t\000i\000o\000n\000\040\000T\000h\000r\000o\000u\000g\000h\000\040\000M\000L\000\040\000M\000o\000d\000e\000l}{chapter.4}% 46
\BOOKMARK [1][-]{section.4.3}{\376\377\000R\000e\000s\000u\000l\000t\000\040\000o\000f\000\040\000A\000u\000d\000i\000o\000\040\000b\000a\000s\000e\000d\000\040\000D\000e\000p\000r\000e\000s\000s\000i\000o\000n\000\040\000D\000e\000t\000e\000c\000t\000i\000o\000n}{chapter.4}% 47
\BOOKMARK [0][-]{chapter.5}{\376\377\000C\000O\000N\000C\000L\000U\000S\000I\000O\000N}{}% 48
\BOOKMARK [0][-]{appendix.A}{\376\377\000I\000m\000p\000o\000r\000t\000a\000n\000t\000\040\000C\000o\000d\000e\000s\000/\000A\000n\000a\000l\000y\000s\000i\000s\000\050\0001\000\051}{}% 49
\BOOKMARK [1][-]{section.A.1}{\376\377\000J\000u\000p\000y\000t\000e\000r\000\040\000C\000o\000d\000i\000n\000g}{appendix.A}% 50
\BOOKMARK [0][-]{appendix.B}{\376\377\000I\000m\000p\000o\000r\000t\000a\000n\000t\000\040\000C\000o\000d\000e\000s\000/\000A\000n\000a\000l\000y\000s\000i\000s\000\050\0002\000\051}{}% 51
\BOOKMARK [1][-]{section.B.1}{\376\377\000C\000o\000d\000e\000\040\000F\000o\000r\000\040\000E\000S\000P\000\040\0008\0002\0006\0006}{appendix.B}% 52
\BOOKMARK [0][-]{appendix.C}{\376\377\000W\000e\000e\000k\000l\000y\000\040\000R\000e\000p\000o\000r\000t}{}% 53
\BOOKMARK [0][-]{appendix.D}{\376\377\000P\000l\000a\000g\000i\000a\000r\000i\000s\000m\000\040\000R\000e\000p\000o\000r\000t}{}% 54
